<?xml version="1.0" encoding="UTF-8"?>
<!-- Generated by org.testng.reporters.JUnitReportReporter -->
<testsuite hostname="Algorithmic-PC" name="Test.Maven.getSerachLocation" tests="1" failures="0" timestamp="9 Apr 2019 11:10:05 GMT" time="2.972" errors="0">
  <testcase name="getSearchLocation" time="2.972" classname="Test.Maven.getSerachLocation"/>
</testsuite> <!-- Test.Maven.getSerachLocation -->
