<?xml version="1.0" encoding="UTF-8"?>
<!-- Generated by org.testng.reporters.JUnitReportReporter -->
<testsuite hostname="Algorithmic-PC" name="Test.Maven.staticJsonByJsonFile" tests="1" failures="0" timestamp="15 Apr 2019 06:42:45 GMT" time="8.251" errors="0">
  <testcase name="addBook" time="8.251" classname="Test.Maven.staticJsonByJsonFile"/>
</testsuite> <!-- Test.Maven.staticJsonByJsonFile -->
