<?xml version="1.0" encoding="UTF-8"?>
<!-- Generated by org.testng.reporters.JUnitReportReporter -->
<testsuite hostname="Algorithmic-PC" name="Test.Maven.addAndDelete" tests="1" failures="0" timestamp="15 Apr 2019 10:55:38 GMT" time="9.947" errors="0">
  <testcase name="addBook" time="9.947" classname="Test.Maven.addAndDelete"/>
</testsuite> <!-- Test.Maven.addAndDelete -->
