<?xml version="1.0" encoding="UTF-8"?>
<!-- Generated by org.testng.reporters.JUnitReportReporter -->
<testsuite hostname="Algorithmic-PC" name="Test.Maven.AddBooks" tests="2" failures="0" timestamp="9 Apr 2019 10:04:54 GMT" time="2.487" errors="0">
  <testcase name="deleteBook" time="0.000" classname="Test.Maven.AddBooks"/>
  <testcase name="addBook" time="2.487" classname="Test.Maven.AddBooks"/>
</testsuite> <!-- Test.Maven.AddBooks -->
