<?xml version="1.0" encoding="UTF-8"?>
<!-- Generated by org.testng.reporters.JUnitReportReporter -->
<testsuite hostname="Algorithmic-PC" name="Test.Maven.staticJsonByJsonFile" tests="1" failures="0" timestamp="12 Apr 2019 07:19:04 GMT" time="7.690" errors="0">
  <testcase name="addBook" time="7.690" classname="Test.Maven.staticJsonByJsonFile"/>
</testsuite> <!-- Test.Maven.staticJsonByJsonFile -->
