<?xml version="1.0" encoding="UTF-8"?>
<!-- Generated by org.testng.reporters.JUnitReportReporter -->
<testsuite hostname="Algorithmic-PC" name="Test.Maven.getSerachLocation" tests="1" failures="0" timestamp="10 Apr 2019 11:26:08 GMT" time="4.589" errors="0">
  <testcase name="getSearchLocation" time="4.589" classname="Test.Maven.getSerachLocation"/>
</testsuite> <!-- Test.Maven.getSerachLocation -->
