<?xml version="1.0" encoding="UTF-8"?>
<!-- Generated by org.testng.reporters.JUnitReportReporter -->
<testsuite hostname="Algorithmic-PC" name="Test.Maven.AddBooks" tests="2" failures="0" timestamp="11 Apr 2019 08:53:22 GMT" time="2.995" errors="0">
  <testcase name="addBook" time="2.513" classname="Test.Maven.AddBooks"/>
  <testcase name="getAddbook1" time="0.482" classname="Test.Maven.AddBooks"/>
</testsuite> <!-- Test.Maven.AddBooks -->
