<?xml version="1.0" encoding="UTF-8"?>
<!-- Generated by org.testng.reporters.JUnitReportReporter -->
<testsuite hostname="Algorithmic-PC" name="Test.Maven.AddBooks" tests="1" failures="0" timestamp="16 Apr 2019 06:29:38 GMT" time="8.478" errors="0">
  <testcase name="addBook" time="8.478" classname="Test.Maven.AddBooks"/>
</testsuite> <!-- Test.Maven.AddBooks -->
