<?xml version="1.0" encoding="UTF-8"?>
<!-- Generated by org.testng.reporters.JUnitReportReporter -->
<testsuite hostname="Algorithmic-PC" name="Test.Maven.AddBooks" tests="1" failures="0" timestamp="17 Apr 2019 09:07:40 GMT" time="10.957" errors="0">
  <testcase name="addBook" time="10.957" classname="Test.Maven.AddBooks"/>
</testsuite> <!-- Test.Maven.AddBooks -->
