<?xml version="1.0" encoding="UTF-8"?>
<!-- Generated by org.testng.reporters.JUnitReportReporter -->
<testsuite hostname="Algorithmic-PC" name="Test.Maven.dummy" tests="3" failures="0" timestamp="10 Apr 2019 11:15:57 GMT" time="0.060" errors="0">
  <testcase name="Sele" time="0.000" classname="Test.Maven.dummy"/>
  <testcase name="UI" time="0.000" classname="Test.Maven.dummy"/>
  <testcase name="API" time="0.060" classname="Test.Maven.dummy"/>
</testsuite> <!-- Test.Maven.dummy -->
