<?xml version="1.0" encoding="UTF-8"?>
<!-- Generated by org.testng.reporters.JUnitReportReporter -->
<testsuite hostname="Algorithmic-PC" name="Test.Maven.AddBooks" tests="1" failures="0" timestamp="15 Apr 2019 13:54:10 GMT" time="4.751" errors="0">
  <testcase name="addBook" time="4.751" classname="Test.Maven.AddBooks"/>
</testsuite> <!-- Test.Maven.AddBooks -->
