<?xml version="1.0" encoding="UTF-8"?>
<!-- Generated by org.testng.reporters.JUnitReportReporter -->
<testsuite hostname="Algorithmic-PC" name="Test.Maven.addAndDelete" tests="1" failures="0" timestamp="12 Apr 2019 09:59:14 GMT" time="2.545" errors="0">
  <testcase name="addBook" time="2.545" classname="Test.Maven.addAndDelete"/>
</testsuite> <!-- Test.Maven.addAndDelete -->
