<?xml version="1.0" encoding="UTF-8"?>
<!-- Generated by org.testng.reporters.JUnitReportReporter -->
<testsuite hostname="Algorithmic-PC" name="Test.Maven.staticJsonByJsonFile" tests="1" failures="0" timestamp="10 Apr 2019 11:40:46 GMT" time="2.584" errors="0">
  <testcase name="deleteBook" time="2.584" classname="Test.Maven.staticJsonByJsonFile"/>
</testsuite> <!-- Test.Maven.staticJsonByJsonFile -->
