<?xml version="1.0" encoding="UTF-8"?>
<!-- Generated by org.testng.reporters.JUnitReportReporter -->
<testsuite hostname="Algorithmic-PC" name="com.whs.TestScript.Verify_Product_Page" tests="2" failures="0" timestamp="29 Jun 2018 06:39:36 GMT" time="347.972" errors="0">
  <testcase name="verifyEMHat" time="243.416" classname="com.whs.TestScript.Verify_Product_Page"/>
  <testcase name="verifyBlankHat" time="104.556" classname="com.whs.TestScript.Verify_Product_Page"/>
</testsuite> <!-- com.whs.TestScript.Verify_Product_Page -->
