<?xml version="1.0" encoding="UTF-8"?>
<!-- Generated by org.testng.reporters.JUnitReportReporter -->
<testsuite hostname="Algorithmic-PC" name="com.whs.TestScript.Verify_Home_Page" tests="1" failures="0" timestamp="29 Jun 2018 06:39:36 GMT" time="578.087" errors="0">
  <testcase name="home" time="578.087" classname="com.whs.TestScript.Verify_Home_Page"/>
</testsuite> <!-- com.whs.TestScript.Verify_Home_Page -->
